{
  "RSpec": {
    "coverage": {
      "/Users/victorsanchez/Turing/2Mod/projects/countries_and_citizens/config/environment.rb": {
        "lines": [
          null,
          1,
          null,
          null,
          1
        ]
      },
      "/Users/victorsanchez/Turing/2Mod/projects/countries_and_citizens/config/application.rb": {
        "lines": [
          1,
          null,
          1,
          null,
          1,
          1,
          1,
          1,
          1,
          1,
          1,
          1,
          1,
          1,
          null,
          null,
          null,
          null,
          1,
          null,
          1,
          1,
          null,
          1,
          null,
          null,
          null,
          null,
          null,
          null,
          null,
          null,
          null,
          null,
          1,
          null,
          null
        ]
      },
      "/Users/victorsanchez/Turing/2Mod/projects/countries_and_citizens/config/boot.rb": {
        "lines": [
          1,
          null,
          1,
          1
        ]
      },
      "/Users/victorsanchez/Turing/2Mod/projects/countries_and_citizens/config/environments/test.rb": {
        "lines": [
          1,
          null,
          null,
          null,
          null,
          null,
          null,
          1,
          null,
          null,
          null,
          1,
          null,
          null,
          null,
          null,
          1,
          null,
          null,
          1,
          1,
          null,
          null,
          null,
          null,
          1,
          1,
          1,
          null,
          null,
          1,
          null,
          null,
          1,
          null,
          null,
          1,
          null,
          1,
          null,
          null,
          null,
          null,
          1,
          null,
          null,
          1,
          null,
          null,
          1,
          null,
          null,
          1,
          null,
          null,
          null,
          null,
          null,
          null,
          null
        ]
      },
      "/Users/victorsanchez/Turing/2Mod/projects/countries_and_citizens/config/initializers/assets.rb": {
        "lines": [
          null,
          null,
          null,
          1,
          null,
          null,
          null,
          null,
          null,
          null,
          null,
          null
        ]
      },
      "/Users/victorsanchez/Turing/2Mod/projects/countries_and_citizens/config/initializers/content_security_policy.rb": {
        "lines": [
          null,
          null,
          null,
          null,
          null,
          null,
          null,
          null,
          null,
          null,
          null,
          null,
          null,
          null,
          null,
          null,
          null,
          null,
          null,
          null,
          null,
          null,
          null,
          null,
          null
        ]
      },
      "/Users/victorsanchez/Turing/2Mod/projects/countries_and_citizens/config/initializers/filter_parameter_logging.rb": {
        "lines": [
          null,
          null,
          null,
          null,
          null,
          1,
          null,
          null
        ]
      },
      "/Users/victorsanchez/Turing/2Mod/projects/countries_and_citizens/config/initializers/inflections.rb": {
        "lines": [
          null,
          null,
          null,
          null,
          null,
          null,
          null,
          null,
          null,
          null,
          null,
          null,
          null,
          null,
          null,
          null
        ]
      },
      "/Users/victorsanchez/Turing/2Mod/projects/countries_and_citizens/config/initializers/permissions_policy.rb": {
        "lines": [
          null,
          null,
          null,
          null,
          null,
          null,
          null,
          null,
          null,
          null,
          null
        ]
      },
      "/Users/victorsanchez/Turing/2Mod/projects/countries_and_citizens/spec/factories/citizens.rb": {
        "lines": [
          1,
          1,
          null,
          null,
          null
        ]
      },
      "/Users/victorsanchez/Turing/2Mod/projects/countries_and_citizens/config/routes.rb": {
        "lines": [
          1,
          null,
          null,
          null,
          null,
          null,
          1,
          null,
          1,
          1,
          1,
          1,
          1,
          1,
          1,
          1,
          1,
          1,
          1,
          1,
          1,
          1,
          null
        ]
      },
      "/Users/victorsanchez/Turing/2Mod/projects/countries_and_citizens/app/helpers/application_helper.rb": {
        "lines": [
          1,
          null
        ]
      },
      "/Users/victorsanchez/Turing/2Mod/projects/countries_and_citizens/app/models/country.rb": {
        "lines": [
          1,
          1,
          null,
          1,
          null,
          1,
          null,
          null,
          1,
          4,
          null,
          null,
          null
        ]
      },
      "/Users/victorsanchez/Turing/2Mod/projects/countries_and_citizens/app/models/application_record.rb": {
        "lines": [
          1,
          1,
          null
        ]
      },
      "/Users/victorsanchez/Turing/2Mod/projects/countries_and_citizens/app/controllers/countries_controller.rb": {
        "lines": [
          1,
          1,
          1,
          null,
          null,
          1,
          4,
          null,
          null,
          null,
          1,
          null,
          null,
          1,
          0,
          null,
          null,
          null,
          1,
          0,
          0,
          0,
          null,
          null,
          1,
          0,
          0,
          null,
          null,
          1,
          1,
          1,
          1,
          null,
          null,
          null,
          1,
          null,
          1,
          0,
          null,
          null,
          null,
          null,
          null,
          null,
          null,
          null
        ]
      },
      "/Users/victorsanchez/Turing/2Mod/projects/countries_and_citizens/app/controllers/application_controller.rb": {
        "lines": [
          1,
          null
        ]
      },
      "/Users/victorsanchez/Turing/2Mod/projects/countries_and_citizens/app/models/citizen.rb": {
        "lines": [
          1,
          1,
          null,
          null,
          1,
          0,
          null,
          null,
          1,
          0,
          null,
          null,
          null
        ]
      }
    },
    "timestamp": 1701821291
  }
}
